# JRE version: OpenJDK Runtime Environment Temurin-17.0.9+9 (17.0.9+9) (build 17.0.9+9)
# Java VM: OpenJDK 64-Bit Server VM Temurin-17.0.9+9 (17.0.9+9, mixed mode, tiered, compressed oops, compressed class ptrs, parallel gc, linux-amd64)
GC Precious Log:
 CPUs: 16 total, 16 available
 Memory: 7916M
 Large Page Support: Disabled
 NUMA Support: Disabled
 Compressed Oops: Enabled (32-bit)
 Alignments: Space 512K, Generation 512K, Heap 2M
 Heap Min Capacity: 100M
 Heap Initial Capacity: 100M
 Heap Max Capacity: 1G
 Pre-touch: Disabled
 Parallel Workers: 13
Heap:
 PSYoungGen      total 14336K, used 5496K [0x00000000eab00000, 0x00000000ec080000, 0x0000000100000000)
  eden space 9728K, 56% used [0x00000000eab00000,0x00000000eb05e290,0x00000000eb480000)
  from space 4608K, 0% used [0x00000000ebc00000,0x00000000ebc00000,0x00000000ec080000)
  to   space 6144K, 0% used [0x00000000eb480000,0x00000000eb480000,0x00000000eba80000)
 ParOldGen       total 89600K, used 61821K [0x00000000c0000000, 0x00000000c5780000, 0x00000000eab00000)
  object space 89600K, 68% used [0x00000000c0000000,0x00000000c3c5f670,0x00000000c5780000)
 Metaspace       used 93798K, committed 95232K, reserved 1179648K
  class space    used 9734K, committed 10368K, reserved 1048576K
GC Heap History (20 events):
Event: 551.417 GC heap before
{Heap before GC invocations=684 (full 26):
 PSYoungGen      total 8192K, used 8096K [0x00000000eab00000, 0x00000000ebb00000, 0x0000000100000000)
  eden space 6144K, 100% used [0x00000000eab00000,0x00000000eb100000,0x00000000eb100000)
  from space 2048K, 95% used [0x00000000eb900000,0x00000000ebae8000,0x00000000ebb00000)
  to   space 4096K, 0% used [0x00000000eb300000,0x00000000eb300000,0x00000000eb700000)
 ParOldGen       total 89088K, used 69857K [0x00000000c0000000, 0x00000000c5700000, 0x00000000eab00000)
  object space 89088K, 78% used [0x00000000c0000000,0x00000000c4438448,0x00000000c5700000)
 Metaspace       used 93661K, committed 95040K, reserved 1179648K
  class space    used 9732K, committed 10368K, reserved 1048576K
}
Event: 551.418 GC heap after
{Heap after GC invocations=684 (full 26):
 PSYoungGen      total 11776K, used 2160K [0x00000000eab00000, 0x00000000eb980000, 0x0000000100000000)
  eden space 7680K, 0% used [0x00000000eab00000,0x00000000eab00000,0x00000000eb280000)
  from space 4096K, 52% used [0x00000000eb300000,0x00000000eb51c000,0x00000000eb700000)
  to   space 2560K, 0% used [0x00000000eb700000,0x00000000eb700000,0x00000000eb980000)
 ParOldGen       total 89088K, used 70945K [0x00000000c0000000, 0x00000000c5700000, 0x00000000eab00000)
  object space 89088K, 79% used [0x00000000c0000000,0x00000000c4548448,0x00000000c5700000)
 Metaspace       used 93661K, committed 95040K, reserved 1179648K
  class space    used 9732K, committed 10368K, reserved 1048576K
}
Event: 551.425 GC heap before
{Heap before GC invocations=685 (full 26):
 PSYoungGen      total 11776K, used 9840K [0x00000000eab00000, 0x00000000eb980000, 0x0000000100000000)
  eden space 7680K, 100% used [0x00000000eab00000,0x00000000eb280000,0x00000000eb280000)
  from space 4096K, 52% used [0x00000000eb300000,0x00000000eb51c000,0x00000000eb700000)
  to   space 2560K, 0% used [0x00000000eb700000,0x00000000eb700000,0x00000000eb980000)
 ParOldGen       total 89088K, used 70945K [0x00000000c0000000, 0x00000000c5700000, 0x00000000eab00000)
  object space 89088K, 79% used [0x00000000c0000000,0x00000000c4548448,0x00000000c5700000)
 Metaspace       used 93662K, committed 95040K, reserved 1179648K
  class space    used 9732K, committed 10368K, reserved 1048576K
}
Event: 551.426 GC heap after
{Heap after GC invocations=685 (full 26):
 PSYoungGen      total 10752K, used 1280K [0x00000000eab00000, 0x00000000eb880000, 0x0000000100000000)
  eden space 9216K, 0% used [0x00000000eab00000,0x00000000eab00000,0x00000000eb400000)
  from space 1536K, 83% used [0x00000000eb700000,0x00000000eb840000,0x00000000eb880000)
  to   space 2048K, 0% used [0x00000000eb480000,0x00000000eb480000,0x00000000eb680000)
 ParOldGen       total 89088K, used 72921K [0x00000000c0000000, 0x00000000c5700000, 0x00000000eab00000)
  object space 89088K, 81% used [0x00000000c0000000,0x00000000c4736448,0x00000000c5700000)
 Metaspace       used 93662K, committed 95040K, reserved 1179648K
  class space    used 9732K, committed 10368K, reserved 1048576K
}
Event: 551.435 GC heap before
{Heap before GC invocations=686 (full 26):
 PSYoungGen      total 10752K, used 10496K [0x00000000eab00000, 0x00000000eb880000, 0x0000000100000000)
  eden space 9216K, 100% used [0x00000000eab00000,0x00000000eb400000,0x00000000eb400000)
  from space 1536K, 83% used [0x00000000eb700000,0x00000000eb840000,0x00000000eb880000)
  to   space 2048K, 0% used [0x00000000eb480000,0x00000000eb480000,0x00000000eb680000)
 ParOldGen       total 89088K, used 72921K [0x00000000c0000000, 0x00000000c5700000, 0x00000000eab00000)
  object space 89088K, 81% used [0x00000000c0000000,0x00000000c4736448,0x00000000c5700000)
 Metaspace       used 93663K, committed 95040K, reserved 1179648K
  class space    used 9732K, committed 10368K, reserved 1048576K
}
Event: 551.437 GC heap after
{Heap after GC invocations=686 (full 26):
 PSYoungGen      total 11776K, used 2039K [0x00000000eab00000, 0x00000000ec500000, 0x0000000100000000)
  eden space 9728K, 0% used [0x00000000eab00000,0x00000000eab00000,0x00000000eb480000)
  from space 2048K, 99% used [0x00000000eb480000,0x00000000eb67df78,0x00000000eb680000)
  to   space 7680K, 0% used [0x00000000ebd80000,0x00000000ebd80000,0x00000000ec500000)
 ParOldGen       total 89088K, used 77328K [0x00000000c0000000, 0x00000000c5700000, 0x00000000eab00000)
  object space 89088K, 86% used [0x00000000c0000000,0x00000000c4b84088,0x00000000c5700000)
 Metaspace       used 93663K, committed 95040K, reserved 1179648K
  class space    used 9732K, committed 10368K, reserved 1048576K
}
Event: 551.552 GC heap before
{Heap before GC invocations=687 (full 26):
 PSYoungGen      total 11776K, used 11767K [0x00000000eab00000, 0x00000000ec500000, 0x0000000100000000)
  eden space 9728K, 100% used [0x00000000eab00000,0x00000000eb480000,0x00000000eb480000)
  from space 2048K, 99% used [0x00000000eb480000,0x00000000eb67df78,0x00000000eb680000)
  to   space 7680K, 0% used [0x00000000ebd80000,0x00000000ebd80000,0x00000000ec500000)
 ParOldGen       total 89088K, used 77328K [0x00000000c0000000, 0x00000000c5700000, 0x00000000eab00000)
  object space 89088K, 86% used [0x00000000c0000000,0x00000000c4b84088,0x00000000c5700000)
 Metaspace       used 93676K, committed 95040K, reserved 1179648K
  class space    used 9732K, committed 10368K, reserved 1048576K
}
Event: 551.555 GC heap after
{Heap after GC invocations=687 (full 26):
 PSYoungGen      total 11264K, used 1439K [0x00000000eab00000, 0x00000000ebf00000, 0x0000000100000000)
  eden space 9728K, 0% used [0x00000000eab00000,0x00000000eab00000,0x00000000eb480000)
  from space 1536K, 93% used [0x00000000ebd80000,0x00000000ebee7c48,0x00000000ebf00000)
  to   space 3584K, 0% used [0x00000000eb800000,0x00000000eb800000,0x00000000ebb80000)
 ParOldGen       total 89088K, used 79387K [0x00000000c0000000, 0x00000000c5700000, 0x00000000eab00000)
  object space 89088K, 89% used [0x00000000c0000000,0x00000000c4d86c60,0x00000000c5700000)
 Metaspace       used 93676K, committed 95040K, reserved 1179648K
  class space    used 9732K, committed 10368K, reserved 1048576K
}
Event: 577.977 GC heap before
{Heap before GC invocations=688 (full 26):
 PSYoungGen      total 11264K, used 11167K [0x00000000eab00000, 0x00000000ebf00000, 0x0000000100000000)
  eden space 9728K, 100% used [0x00000000eab00000,0x00000000eb480000,0x00000000eb480000)
  from space 1536K, 93% used [0x00000000ebd80000,0x00000000ebee7c48,0x00000000ebf00000)
  to   space 3584K, 0% used [0x00000000eb800000,0x00000000eb800000,0x00000000ebb80000)
 ParOldGen       total 89088K, used 79387K [0x00000000c0000000, 0x00000000c5700000, 0x00000000eab00000)
  object space 89088K, 89% used [0x00000000c0000000,0x00000000c4d86c60,0x00000000c5700000)
 Metaspace       used 93727K, committed 95168K, reserved 1179648K
  class space    used 9734K, committed 10368K, reserved 1048576K
}
Event: 577.979 GC heap after
{Heap after GC invocations=688 (full 26):
 PSYoungGen      total 13312K, used 672K [0x00000000eab00000, 0x00000000ebe00000, 0x0000000100000000)
  eden space 9728K, 0% used [0x00000000eab00000,0x00000000eab00000,0x00000000eb480000)
  from space 3584K, 18% used [0x00000000eb800000,0x00000000eb8a8000,0x00000000ebb80000)
  to   space 1536K, 0% used [0x00000000ebc80000,0x00000000ebc80000,0x00000000ebe00000)
 ParOldGen       total 89088K, used 80022K [0x00000000c0000000, 0x00000000c5700000, 0x00000000eab00000)
  object space 89088K, 89% used [0x00000000c0000000,0x00000000c4e25938,0x00000000c5700000)
 Metaspace       used 93727K, committed 95168K, reserved 1179648K
  class space    used 9734K, committed 10368K, reserved 1048576K
}
Event: 578.510 GC heap before
{Heap before GC invocations=689 (full 26):
 PSYoungGen      total 13312K, used 10400K [0x00000000eab00000, 0x00000000ebe00000, 0x0000000100000000)
  eden space 9728K, 100% used [0x00000000eab00000,0x00000000eb480000,0x00000000eb480000)
  from space 3584K, 18% used [0x00000000eb800000,0x00000000eb8a8000,0x00000000ebb80000)
  to   space 1536K, 0% used [0x00000000ebc80000,0x00000000ebc80000,0x00000000ebe00000)
 ParOldGen       total 89088K, used 80022K [0x00000000c0000000, 0x00000000c5700000, 0x00000000eab00000)
  object space 89088K, 89% used [0x00000000c0000000,0x00000000c4e25938,0x00000000c5700000)
 Metaspace       used 93744K, committed 95168K, reserved 1179648K
  class space    used 9734K, committed 10368K, reserved 1048576K
}
Event: 578.511 GC heap after
{Heap after GC invocations=689 (full 26):
 PSYoungGen      total 10752K, used 640K [0x00000000eab00000, 0x00000000ebd80000, 0x0000000100000000)
  eden space 9728K, 0% used [0x00000000eab00000,0x00000000eab00000,0x00000000eb480000)
  from space 1024K, 62% used [0x00000000ebc80000,0x00000000ebd20000,0x00000000ebd80000)
  to   space 1024K, 0% used [0x00000000ebb80000,0x00000000ebb80000,0x00000000ebc80000)
 ParOldGen       total 89088K, used 80496K [0x00000000c0000000, 0x00000000c5700000, 0x00000000eab00000)
  object space 89088K, 90% used [0x00000000c0000000,0x00000000c4e9c288,0x00000000c5700000)
 Metaspace       used 93744K, committed 95168K, reserved 1179648K
  class space    used 9734K, committed 10368K, reserved 1048576K
}
Event: 579.081 GC heap before
{Heap before GC invocations=690 (full 26):
 PSYoungGen      total 10752K, used 10278K [0x00000000eab00000, 0x00000000ebd80000, 0x0000000100000000)
  eden space 9728K, 99% used [0x00000000eab00000,0x00000000eb469870,0x00000000eb480000)
  from space 1024K, 62% used [0x00000000ebc80000,0x00000000ebd20000,0x00000000ebd80000)
  to   space 1024K, 0% used [0x00000000ebb80000,0x00000000ebb80000,0x00000000ebc80000)
 ParOldGen       total 89088K, used 80496K [0x00000000c0000000, 0x00000000c5700000, 0x00000000eab00000)
  object space 89088K, 90% used [0x00000000c0000000,0x00000000c4e9c288,0x00000000c5700000)
 Metaspace       used 93775K, committed 95232K, reserved 1179648K
  class space    used 9734K, committed 10368K, reserved 1048576K
}
Event: 579.083 GC heap after
{Heap after GC invocations=690 (full 26):
 PSYoungGen      total 10240K, used 480K [0x00000000eab00000, 0x00000000ebd00000, 0x0000000100000000)
  eden space 9728K, 0% used [0x00000000eab00000,0x00000000eab00000,0x00000000eb480000)
  from space 512K, 93% used [0x00000000ebb80000,0x00000000ebbf8000,0x00000000ebc00000)
  to   space 1024K, 0% used [0x00000000ebc00000,0x00000000ebc00000,0x00000000ebd00000)
 ParOldGen       total 89088K, used 80913K [0x00000000c0000000, 0x00000000c5700000, 0x00000000eab00000)
  object space 89088K, 90% used [0x00000000c0000000,0x00000000c4f044d8,0x00000000c5700000)
 Metaspace       used 93775K, committed 95232K, reserved 1179648K
  class space    used 9734K, committed 10368K, reserved 1048576K
}
Event: 580.977 GC heap before
{Heap before GC invocations=691 (full 26):
 PSYoungGen      total 10240K, used 10208K [0x00000000eab00000, 0x00000000ebd00000, 0x0000000100000000)
  eden space 9728K, 100% used [0x00000000eab00000,0x00000000eb480000,0x00000000eb480000)
  from space 512K, 93% used [0x00000000ebb80000,0x00000000ebbf8000,0x00000000ebc00000)
  to   space 1024K, 0% used [0x00000000ebc00000,0x00000000ebc00000,0x00000000ebd00000)
 ParOldGen       total 89088K, used 80913K [0x00000000c0000000, 0x00000000c5700000, 0x00000000eab00000)
  object space 89088K, 90% used [0x00000000c0000000,0x00000000c4f044d8,0x00000000c5700000)
 Metaspace       used 93793K, committed 95232K, reserved 1179648K
  class space    used 9734K, committed 10368K, reserved 1048576K
}
Event: 580.977 GC heap after
{Heap after GC invocations=691 (full 26):
 PSYoungGen      total 10752K, used 928K [0x00000000eab00000, 0x00000000ebd00000, 0x0000000100000000)
  eden space 9728K, 0% used [0x00000000eab00000,0x00000000eab00000,0x00000000eb480000)
  from space 1024K, 90% used [0x00000000ebc00000,0x00000000ebce8000,0x00000000ebd00000)
  to   space 1024K, 0% used [0x00000000ebb00000,0x00000000ebb00000,0x00000000ebc00000)
 ParOldGen       total 89088K, used 81065K [0x00000000c0000000, 0x00000000c5700000, 0x00000000eab00000)
  object space 89088K, 90% used [0x00000000c0000000,0x00000000c4f2a4d8,0x00000000c5700000)
 Metaspace       used 93793K, committed 95232K, reserved 1179648K
  class space    used 9734K, committed 10368K, reserved 1048576K
}
Event: 581.350 GC heap before
{Heap before GC invocations=692 (full 26):
 PSYoungGen      total 10752K, used 10656K [0x00000000eab00000, 0x00000000ebd00000, 0x0000000100000000)
  eden space 9728K, 100% used [0x00000000eab00000,0x00000000eb480000,0x00000000eb480000)
  from space 1024K, 90% used [0x00000000ebc00000,0x00000000ebce8000,0x00000000ebd00000)
  to   space 1024K, 0% used [0x00000000ebb00000,0x00000000ebb00000,0x00000000ebc00000)
 ParOldGen       total 89088K, used 81065K [0x00000000c0000000, 0x00000000c5700000, 0x00000000eab00000)
  object space 89088K, 90% used [0x00000000c0000000,0x00000000c4f2a4d8,0x00000000c5700000)
 Metaspace       used 93796K, committed 95232K, reserved 1179648K
  class space    used 9734K, committed 10368K, reserved 1048576K
}
Event: 581.352 GC heap after
{Heap after GC invocations=692 (full 26):
 PSYoungGen      total 10752K, used 999K [0x00000000eab00000, 0x00000000ec080000, 0x0000000100000000)
  eden space 9728K, 0% used [0x00000000eab00000,0x00000000eab00000,0x00000000eb480000)
  from space 1024K, 97% used [0x00000000ebb00000,0x00000000ebbf9f78,0x00000000ebc00000)
  to   space 4608K, 0% used [0x00000000ebc00000,0x00000000ebc00000,0x00000000ec080000)
 ParOldGen       total 89088K, used 85099K [0x00000000c0000000, 0x00000000c5700000, 0x00000000eab00000)
  object space 89088K, 95% used [0x00000000c0000000,0x00000000c531ad20,0x00000000c5700000)
 Metaspace       used 93796K, committed 95232K, reserved 1179648K
  class space    used 9734K, committed 10368K, reserved 1048576K
}
Event: 581.352 GC heap before
{Heap before GC invocations=693 (full 27):
 PSYoungGen      total 10752K, used 999K [0x00000000eab00000, 0x00000000ec080000, 0x0000000100000000)
  eden space 9728K, 0% used [0x00000000eab00000,0x00000000eab00000,0x00000000eb480000)
  from space 1024K, 97% used [0x00000000ebb00000,0x00000000ebbf9f78,0x00000000ebc00000)
  to   space 4608K, 0% used [0x00000000ebc00000,0x00000000ebc00000,0x00000000ec080000)
 ParOldGen       total 89088K, used 85099K [0x00000000c0000000, 0x00000000c5700000, 0x00000000eab00000)
  object space 89088K, 95% used [0x00000000c0000000,0x00000000c531ad20,0x00000000c5700000)
 Metaspace       used 93796K, committed 95232K, reserved 1179648K
  class space    used 9734K, committed 10368K, reserved 1048576K
}
Event: 581.387 GC heap after
{Heap after GC invocations=693 (full 27):
 PSYoungGen      total 14336K, used 0K [0x00000000eab00000, 0x00000000ec080000, 0x0000000100000000)
  eden space 9728K, 0% used [0x00000000eab00000,0x00000000eab00000,0x00000000eb480000)
  from space 4608K, 0% used [0x00000000ebc00000,0x00000000ebc00000,0x00000000ec080000)
  to   space 6144K, 0% used [0x00000000eb480000,0x00000000eb480000,0x00000000eba80000)
 ParOldGen       total 89600K, used 61821K [0x00000000c0000000, 0x00000000c5780000, 0x00000000eab00000)
  object space 89600K, 68% used [0x00000000c0000000,0x00000000c3c5f670,0x00000000c5780000)
 Metaspace       used 93796K, committed 95232K, reserved 1179648K
  class space    used 9734K, committed 10368K, reserved 1048576K
}

