# JRE version: OpenJDK Runtime Environment Temurin-17.0.9+9 (17.0.9+9) (build 17.0.9+9)
# Java VM: OpenJDK 64-Bit Server VM Temurin-17.0.9+9 (17.0.9+9, mixed mode, tiered, compressed oops, compressed class ptrs, parallel gc, linux-amd64)
GC Precious Log:
 CPUs: 16 total, 16 available
 Memory: 7916M
 Large Page Support: Disabled
 NUMA Support: Disabled
 Compressed Oops: Enabled (32-bit)
 Alignments: Space 512K, Generation 512K, Heap 2M
 Heap Min Capacity: 100M
 Heap Initial Capacity: 100M
 Heap Max Capacity: 1G
 Pre-touch: Disabled
 Parallel Workers: 13
Heap:
 PSYoungGen      total 2560K, used 448K [0x00000000eab00000, 0x00000000eae80000, 0x0000000100000000)
  eden space 1536K, 0% used [0x00000000eab00000,0x00000000eab00000,0x00000000eac80000)
  from space 1024K, 43% used [0x00000000ead80000,0x00000000eadf0000,0x00000000eae80000)
  to   space 1024K, 0% used [0x00000000eac80000,0x00000000eac80000,0x00000000ead80000)
 ParOldGen       total 135680K, used 135607K [0x00000000c0000000, 0x00000000c8480000, 0x00000000eab00000)
  object space 135680K, 99% used [0x00000000c0000000,0x00000000c846dfb0,0x00000000c8480000)
 Metaspace       used 96993K, committed 98304K, reserved 1179648K
  class space    used 9727K, committed 10304K, reserved 1048576K
GC Heap History (20 events):
Event: 70835.755 GC heap after
{Heap after GC invocations=1638 (full 46):
 PSYoungGen      total 3584K, used 448K [0x00000000eab00000, 0x00000000eaf80000, 0x0000000100000000)
  eden space 2560K, 0% used [0x00000000eab00000,0x00000000eab00000,0x00000000ead80000)
  from space 1024K, 43% used [0x00000000ead80000,0x00000000eadf0000,0x00000000eae80000)
  to   space 1024K, 0% used [0x00000000eae80000,0x00000000eae80000,0x00000000eaf80000)
 ParOldGen       total 135680K, used 131549K [0x00000000c0000000, 0x00000000c8480000, 0x00000000eab00000)
  object space 135680K, 96% used [0x00000000c0000000,0x00000000c8077710,0x00000000c8480000)
 Metaspace       used 96836K, committed 98176K, reserved 1179648K
  class space    used 9727K, committed 10304K, reserved 1048576K
}
Event: 70835.992 GC heap before
{Heap before GC invocations=1639 (full 46):
 PSYoungGen      total 3584K, used 3008K [0x00000000eab00000, 0x00000000eaf80000, 0x0000000100000000)
  eden space 2560K, 100% used [0x00000000eab00000,0x00000000ead80000,0x00000000ead80000)
  from space 1024K, 43% used [0x00000000ead80000,0x00000000eadf0000,0x00000000eae80000)
  to   space 1024K, 0% used [0x00000000eae80000,0x00000000eae80000,0x00000000eaf80000)
 ParOldGen       total 135680K, used 131549K [0x00000000c0000000, 0x00000000c8480000, 0x00000000eab00000)
  object space 135680K, 96% used [0x00000000c0000000,0x00000000c8077710,0x00000000c8480000)
 Metaspace       used 96837K, committed 98176K, reserved 1179648K
  class space    used 9727K, committed 10304K, reserved 1048576K
}
Event: 70835.993 GC heap after
{Heap after GC invocations=1639 (full 46):
 PSYoungGen      total 3072K, used 1008K [0x00000000eab00000, 0x00000000eb080000, 0x0000000100000000)
  eden space 2048K, 0% used [0x00000000eab00000,0x00000000eab00000,0x00000000ead00000)
  from space 1024K, 98% used [0x00000000eae80000,0x00000000eaf7c010,0x00000000eaf80000)
  to   space 1536K, 0% used [0x00000000ead00000,0x00000000ead00000,0x00000000eae80000)
 ParOldGen       total 135680K, used 131777K [0x00000000c0000000, 0x00000000c8480000, 0x00000000eab00000)
  object space 135680K, 97% used [0x00000000c0000000,0x00000000c80b0790,0x00000000c8480000)
 Metaspace       used 96837K, committed 98176K, reserved 1179648K
  class space    used 9727K, committed 10304K, reserved 1048576K
}
Event: 70836.038 GC heap before
{Heap before GC invocations=1640 (full 46):
 PSYoungGen      total 3072K, used 3056K [0x00000000eab00000, 0x00000000eb080000, 0x0000000100000000)
  eden space 2048K, 100% used [0x00000000eab00000,0x00000000ead00000,0x00000000ead00000)
  from space 1024K, 98% used [0x00000000eae80000,0x00000000eaf7c010,0x00000000eaf80000)
  to   space 1536K, 0% used [0x00000000ead00000,0x00000000ead00000,0x00000000eae80000)
 ParOldGen       total 135680K, used 131777K [0x00000000c0000000, 0x00000000c8480000, 0x00000000eab00000)
  object space 135680K, 97% used [0x00000000c0000000,0x00000000c80b0790,0x00000000c8480000)
 Metaspace       used 96966K, committed 98304K, reserved 1179648K
  class space    used 9727K, committed 10304K, reserved 1048576K
}
Event: 70836.039 GC heap after
{Heap after GC invocations=1640 (full 46):
 PSYoungGen      total 2560K, used 416K [0x00000000eab00000, 0x00000000eaf00000, 0x0000000100000000)
  eden space 2048K, 0% used [0x00000000eab00000,0x00000000eab00000,0x00000000ead00000)
  from space 512K, 81% used [0x00000000ead00000,0x00000000ead68000,0x00000000ead80000)
  to   space 1024K, 0% used [0x00000000eae00000,0x00000000eae00000,0x00000000eaf00000)
 ParOldGen       total 135680K, used 132625K [0x00000000c0000000, 0x00000000c8480000, 0x00000000eab00000)
  object space 135680K, 97% used [0x00000000c0000000,0x00000000c81846f0,0x00000000c8480000)
 Metaspace       used 96966K, committed 98304K, reserved 1179648K
  class space    used 9727K, committed 10304K, reserved 1048576K
}
Event: 70836.068 GC heap before
{Heap before GC invocations=1641 (full 46):
 PSYoungGen      total 2560K, used 2464K [0x00000000eab00000, 0x00000000eaf00000, 0x0000000100000000)
  eden space 2048K, 100% used [0x00000000eab00000,0x00000000ead00000,0x00000000ead00000)
  from space 512K, 81% used [0x00000000ead00000,0x00000000ead68000,0x00000000ead80000)
  to   space 1024K, 0% used [0x00000000eae00000,0x00000000eae00000,0x00000000eaf00000)
 ParOldGen       total 135680K, used 132625K [0x00000000c0000000, 0x00000000c8480000, 0x00000000eab00000)
  object space 135680K, 97% used [0x00000000c0000000,0x00000000c81846f0,0x00000000c8480000)
 Metaspace       used 96967K, committed 98304K, reserved 1179648K
  class space    used 9727K, committed 10304K, reserved 1048576K
}
Event: 70836.069 GC heap after
{Heap after GC invocations=1641 (full 46):
 PSYoungGen      total 3072K, used 848K [0x00000000eab00000, 0x00000000eaf00000, 0x0000000100000000)
  eden space 2048K, 0% used [0x00000000eab00000,0x00000000eab00000,0x00000000ead00000)
  from space 1024K, 82% used [0x00000000eae00000,0x00000000eaed4010,0x00000000eaf00000)
  to   space 1024K, 0% used [0x00000000ead00000,0x00000000ead00000,0x00000000eae00000)
 ParOldGen       total 135680K, used 132705K [0x00000000c0000000, 0x00000000c8480000, 0x00000000eab00000)
  object space 135680K, 97% used [0x00000000c0000000,0x00000000c81986f0,0x00000000c8480000)
 Metaspace       used 96967K, committed 98304K, reserved 1179648K
  class space    used 9727K, committed 10304K, reserved 1048576K
}
Event: 70836.475 GC heap before
{Heap before GC invocations=1642 (full 46):
 PSYoungGen      total 3072K, used 2896K [0x00000000eab00000, 0x00000000eaf00000, 0x0000000100000000)
  eden space 2048K, 100% used [0x00000000eab00000,0x00000000ead00000,0x00000000ead00000)
  from space 1024K, 82% used [0x00000000eae00000,0x00000000eaed4010,0x00000000eaf00000)
  to   space 1024K, 0% used [0x00000000ead00000,0x00000000ead00000,0x00000000eae00000)
 ParOldGen       total 135680K, used 132705K [0x00000000c0000000, 0x00000000c8480000, 0x00000000eab00000)
  object space 135680K, 97% used [0x00000000c0000000,0x00000000c81986f0,0x00000000c8480000)
 Metaspace       used 96967K, committed 98304K, reserved 1179648K
  class space    used 9727K, committed 10304K, reserved 1048576K
}
Event: 70836.477 GC heap after
{Heap after GC invocations=1642 (full 46):
 PSYoungGen      total 3072K, used 672K [0x00000000eab00000, 0x00000000eaf00000, 0x0000000100000000)
  eden space 2048K, 0% used [0x00000000eab00000,0x00000000eab00000,0x00000000ead00000)
  from space 1024K, 65% used [0x00000000ead00000,0x00000000eada8000,0x00000000eae00000)
  to   space 1024K, 0% used [0x00000000eae00000,0x00000000eae00000,0x00000000eaf00000)
 ParOldGen       total 135680K, used 133372K [0x00000000c0000000, 0x00000000c8480000, 0x00000000eab00000)
  object space 135680K, 98% used [0x00000000c0000000,0x00000000c823f130,0x00000000c8480000)
 Metaspace       used 96967K, committed 98304K, reserved 1179648K
  class space    used 9727K, committed 10304K, reserved 1048576K
}
Event: 70836.482 GC heap before
{Heap before GC invocations=1643 (full 46):
 PSYoungGen      total 3072K, used 2720K [0x00000000eab00000, 0x00000000eaf00000, 0x0000000100000000)
  eden space 2048K, 100% used [0x00000000eab00000,0x00000000ead00000,0x00000000ead00000)
  from space 1024K, 65% used [0x00000000ead00000,0x00000000eada8000,0x00000000eae00000)
  to   space 1024K, 0% used [0x00000000eae00000,0x00000000eae00000,0x00000000eaf00000)
 ParOldGen       total 135680K, used 133372K [0x00000000c0000000, 0x00000000c8480000, 0x00000000eab00000)
  object space 135680K, 98% used [0x00000000c0000000,0x00000000c823f130,0x00000000c8480000)
 Metaspace       used 96985K, committed 98304K, reserved 1179648K
  class space    used 9727K, committed 10304K, reserved 1048576K
}
Event: 70836.483 GC heap after
{Heap after GC invocations=1643 (full 46):
 PSYoungGen      total 2560K, used 1024K [0x00000000eab00000, 0x00000000eb000000, 0x0000000100000000)
  eden space 1536K, 0% used [0x00000000eab00000,0x00000000eab00000,0x00000000eac80000)
  from space 1024K, 100% used [0x00000000eae00000,0x00000000eaf00000,0x00000000eaf00000)
  to   space 1536K, 0% used [0x00000000eac80000,0x00000000eac80000,0x00000000eae00000)
 ParOldGen       total 135680K, used 133444K [0x00000000c0000000, 0x00000000c8480000, 0x00000000eab00000)
  object space 135680K, 98% used [0x00000000c0000000,0x00000000c8251150,0x00000000c8480000)
 Metaspace       used 96985K, committed 98304K, reserved 1179648K
  class space    used 9727K, committed 10304K, reserved 1048576K
}
Event: 70836.524 GC heap before
{Heap before GC invocations=1644 (full 46):
 PSYoungGen      total 2560K, used 2559K [0x00000000eab00000, 0x00000000eb000000, 0x0000000100000000)
  eden space 1536K, 99% used [0x00000000eab00000,0x00000000eac7fff0,0x00000000eac80000)
  from space 1024K, 100% used [0x00000000eae00000,0x00000000eaf00000,0x00000000eaf00000)
  to   space 1536K, 0% used [0x00000000eac80000,0x00000000eac80000,0x00000000eae00000)
 ParOldGen       total 135680K, used 133444K [0x00000000c0000000, 0x00000000c8480000, 0x00000000eab00000)
  object space 135680K, 98% used [0x00000000c0000000,0x00000000c8251150,0x00000000c8480000)
 Metaspace       used 96993K, committed 98304K, reserved 1179648K
  class space    used 9727K, committed 10304K, reserved 1048576K
}
Event: 70836.524 GC heap after
{Heap after GC invocations=1644 (full 46):
 PSYoungGen      total 2048K, used 320K [0x00000000eab00000, 0x00000000eae80000, 0x0000000100000000)
  eden space 1536K, 0% used [0x00000000eab00000,0x00000000eab00000,0x00000000eac80000)
  from space 512K, 62% used [0x00000000eac80000,0x00000000eacd0000,0x00000000ead00000)
  to   space 1024K, 0% used [0x00000000ead80000,0x00000000ead80000,0x00000000eae80000)
 ParOldGen       total 135680K, used 134465K [0x00000000c0000000, 0x00000000c8480000, 0x00000000eab00000)
  object space 135680K, 99% used [0x00000000c0000000,0x00000000c8350580,0x00000000c8480000)
 Metaspace       used 96993K, committed 98304K, reserved 1179648K
  class space    used 9727K, committed 10304K, reserved 1048576K
}
Event: 70836.731 GC heap before
{Heap before GC invocations=1645 (full 46):
 PSYoungGen      total 2048K, used 1855K [0x00000000eab00000, 0x00000000eae80000, 0x0000000100000000)
  eden space 1536K, 99% used [0x00000000eab00000,0x00000000eac7fff0,0x00000000eac80000)
  from space 512K, 62% used [0x00000000eac80000,0x00000000eacd0000,0x00000000ead00000)
  to   space 1024K, 0% used [0x00000000ead80000,0x00000000ead80000,0x00000000eae80000)
 ParOldGen       total 135680K, used 134465K [0x00000000c0000000, 0x00000000c8480000, 0x00000000eab00000)
  object space 135680K, 99% used [0x00000000c0000000,0x00000000c8350580,0x00000000c8480000)
 Metaspace       used 96993K, committed 98304K, reserved 1179648K
  class space    used 9727K, committed 10304K, reserved 1048576K
}
Event: 70836.732 GC heap after
{Heap after GC invocations=1645 (full 46):
 PSYoungGen      total 2560K, used 656K [0x00000000eab00000, 0x00000000eae80000, 0x0000000100000000)
  eden space 1536K, 0% used [0x00000000eab00000,0x00000000eab00000,0x00000000eac80000)
  from space 1024K, 64% used [0x00000000ead80000,0x00000000eae24010,0x00000000eae80000)
  to   space 1024K, 0% used [0x00000000eac80000,0x00000000eac80000,0x00000000ead80000)
 ParOldGen       total 135680K, used 134513K [0x00000000c0000000, 0x00000000c8480000, 0x00000000eab00000)
  object space 135680K, 99% used [0x00000000c0000000,0x00000000c835c580,0x00000000c8480000)
 Metaspace       used 96993K, committed 98304K, reserved 1179648K
  class space    used 9727K, committed 10304K, reserved 1048576K
}
Event: 70836.734 GC heap before
{Heap before GC invocations=1646 (full 46):
 PSYoungGen      total 2560K, used 2192K [0x00000000eab00000, 0x00000000eae80000, 0x0000000100000000)
  eden space 1536K, 100% used [0x00000000eab00000,0x00000000eac80000,0x00000000eac80000)
  from space 1024K, 64% used [0x00000000ead80000,0x00000000eae24010,0x00000000eae80000)
  to   space 1024K, 0% used [0x00000000eac80000,0x00000000eac80000,0x00000000ead80000)
 ParOldGen       total 135680K, used 134513K [0x00000000c0000000, 0x00000000c8480000, 0x00000000eab00000)
  object space 135680K, 99% used [0x00000000c0000000,0x00000000c835c580,0x00000000c8480000)
 Metaspace       used 96993K, committed 98304K, reserved 1179648K
  class space    used 9727K, committed 10304K, reserved 1048576K
}
Event: 70836.735 GC heap after
{Heap after GC invocations=1646 (full 46):
 PSYoungGen      total 2560K, used 832K [0x00000000eab00000, 0x00000000eae80000, 0x0000000100000000)
  eden space 1536K, 0% used [0x00000000eab00000,0x00000000eab00000,0x00000000eac80000)
  from space 1024K, 81% used [0x00000000eac80000,0x00000000ead50000,0x00000000ead80000)
  to   space 1024K, 0% used [0x00000000ead80000,0x00000000ead80000,0x00000000eae80000)
 ParOldGen       total 135680K, used 134950K [0x00000000c0000000, 0x00000000c8480000, 0x00000000eab00000)
  object space 135680K, 99% used [0x00000000c0000000,0x00000000c83c9a20,0x00000000c8480000)
 Metaspace       used 96993K, committed 98304K, reserved 1179648K
  class space    used 9727K, committed 10304K, reserved 1048576K
}
Event: 70836.995 GC heap before
{Heap before GC invocations=1647 (full 46):
 PSYoungGen      total 2560K, used 2368K [0x00000000eab00000, 0x00000000eae80000, 0x0000000100000000)
  eden space 1536K, 100% used [0x00000000eab00000,0x00000000eac80000,0x00000000eac80000)
  from space 1024K, 81% used [0x00000000eac80000,0x00000000ead50000,0x00000000ead80000)
  to   space 1024K, 0% used [0x00000000ead80000,0x00000000ead80000,0x00000000eae80000)
 ParOldGen       total 135680K, used 134950K [0x00000000c0000000, 0x00000000c8480000, 0x00000000eab00000)
  object space 135680K, 99% used [0x00000000c0000000,0x00000000c83c9a20,0x00000000c8480000)
 Metaspace       used 96993K, committed 98304K, reserved 1179648K
  class space    used 9727K, committed 10304K, reserved 1048576K
}
Event: 70836.996 GC heap after
{Heap after GC invocations=1647 (full 46):
 PSYoungGen      total 2560K, used 448K [0x00000000eab00000, 0x00000000eae80000, 0x0000000100000000)
  eden space 1536K, 0% used [0x00000000eab00000,0x00000000eab00000,0x00000000eac80000)
  from space 1024K, 43% used [0x00000000ead80000,0x00000000eadf0000,0x00000000eae80000)
  to   space 1024K, 0% used [0x00000000eac80000,0x00000000eac80000,0x00000000ead80000)
 ParOldGen       total 135680K, used 135607K [0x00000000c0000000, 0x00000000c8480000, 0x00000000eab00000)
  object space 135680K, 99% used [0x00000000c0000000,0x00000000c846dfb0,0x00000000c8480000)
 Metaspace       used 96993K, committed 98304K, reserved 1179648K
  class space    used 9727K, committed 10304K, reserved 1048576K
}
Event: 70836.996 GC heap before
{Heap before GC invocations=1648 (full 47):
 PSYoungGen      total 2560K, used 448K [0x00000000eab00000, 0x00000000eae80000, 0x0000000100000000)
  eden space 1536K, 0% used [0x00000000eab00000,0x00000000eab00000,0x00000000eac80000)
  from space 1024K, 43% used [0x00000000ead80000,0x00000000eadf0000,0x00000000eae80000)
  to   space 1024K, 0% used [0x00000000eac80000,0x00000000eac80000,0x00000000ead80000)
 ParOldGen       total 135680K, used 135607K [0x00000000c0000000, 0x00000000c8480000, 0x00000000eab00000)
  object space 135680K, 99% used [0x00000000c0000000,0x00000000c846dfb0,0x00000000c8480000)
 Metaspace       used 96993K, committed 98304K, reserved 1179648K
  class space    used 9727K, committed 10304K, reserved 1048576K
}

